<?xml version="1.0" encoding="UTF-8"?>
<!-- Generated by org.testng.reporters.JUnitReportReporter -->
<testsuite hostname="LUK-HHPYPF2" name="ECommerceTest.HomePageTest" tests="4" failures="0" timestamp="1 Sep 2017 13:54:45 GMT" time="98.427" errors="0">
  <testcase name="registerNewUserwithDataProvider" time="25.940" classname="ECommerceTest.HomePageTest"/>
  <testcase name="registerNewUserwithDataProvider" time="23.642" classname="ECommerceTest.HomePageTest"/>
  <testcase name="registerNewUserwithDataProvider" time="25.080" classname="ECommerceTest.HomePageTest"/>
  <testcase name="registerNewUserwithDataProvider" time="23.765" classname="ECommerceTest.HomePageTest"/>
</testsuite> <!-- ECommerceTest.HomePageTest -->
